mode: atomic
github.com/lao-tseu-is-alive/go-cloud-k8s-common-libs/pkg/golog/logger.go:35.94,36.16 1 0
github.com/lao-tseu-is-alive/go-cloud-k8s-common-libs/pkg/golog/logger.go:36.16,38.3 1 0
github.com/lao-tseu-is-alive/go-cloud-k8s-common-libs/pkg/golog/logger.go:40.2,47.20 4 0
github.com/lao-tseu-is-alive/go-cloud-k8s-common-libs/pkg/golog/logger.go:48.21,49.43 1 0
github.com/lao-tseu-is-alive/go-cloud-k8s-common-libs/pkg/golog/logger.go:50.14,51.43 1 0
github.com/lao-tseu-is-alive/go-cloud-k8s-common-libs/pkg/golog/logger.go:52.10,54.41 1 0
github.com/lao-tseu-is-alive/go-cloud-k8s-common-libs/pkg/golog/logger.go:57.2,60.91 2 0
github.com/lao-tseu-is-alive/go-cloud-k8s-common-libs/pkg/golog/logger.go:60.91,62.3 1 0
github.com/lao-tseu-is-alive/go-cloud-k8s-common-libs/pkg/golog/logger.go:64.2,64.15 1 0
github.com/lao-tseu-is-alive/go-cloud-k8s-common-libs/pkg/golog/slog_logger.go:33.82,35.38 2 6
github.com/lao-tseu-is-alive/go-cloud-k8s-common-libs/pkg/golog/slog_logger.go:35.38,37.3 1 6
github.com/lao-tseu-is-alive/go-cloud-k8s-common-libs/pkg/golog/slog_logger.go:38.2,38.67 1 6
github.com/lao-tseu-is-alive/go-cloud-k8s-common-libs/pkg/golog/slog_logger.go:41.76,43.2 1 12
github.com/lao-tseu-is-alive/go-cloud-k8s-common-libs/pkg/golog/slog_logger.go:45.73,51.9 4 10
github.com/lao-tseu-is-alive/go-cloud-k8s-common-libs/pkg/golog/slog_logger.go:52.32,53.34 1 1
github.com/lao-tseu-is-alive/go-cloud-k8s-common-libs/pkg/golog/slog_logger.go:54.32,55.53 1 5
github.com/lao-tseu-is-alive/go-cloud-k8s-common-libs/pkg/golog/slog_logger.go:56.33,57.54 1 2
github.com/lao-tseu-is-alive/go-cloud-k8s-common-libs/pkg/golog/slog_logger.go:58.10,59.63 1 2
github.com/lao-tseu-is-alive/go-cloud-k8s-common-libs/pkg/golog/slog_logger.go:63.2,65.15 3 10
github.com/lao-tseu-is-alive/go-cloud-k8s-common-libs/pkg/golog/slog_logger.go:65.15,70.3 4 10
github.com/lao-tseu-is-alive/go-cloud-k8s-common-libs/pkg/golog/slog_logger.go:73.2,79.28 3 10
github.com/lao-tseu-is-alive/go-cloud-k8s-common-libs/pkg/golog/slog_logger.go:79.28,81.3 1 1
github.com/lao-tseu-is-alive/go-cloud-k8s-common-libs/pkg/golog/slog_logger.go:84.2,84.33 1 10
github.com/lao-tseu-is-alive/go-cloud-k8s-common-libs/pkg/golog/slog_logger.go:84.33,87.3 2 5
github.com/lao-tseu-is-alive/go-cloud-k8s-common-libs/pkg/golog/slog_logger.go:89.2,90.12 2 10
github.com/lao-tseu-is-alive/go-cloud-k8s-common-libs/pkg/golog/slog_logger.go:93.49,95.26 1 6
github.com/lao-tseu-is-alive/go-cloud-k8s-common-libs/pkg/golog/slog_logger.go:95.26,97.3 1 0
github.com/lao-tseu-is-alive/go-cloud-k8s-common-libs/pkg/golog/slog_logger.go:99.2,100.29 2 6
github.com/lao-tseu-is-alive/go-cloud-k8s-common-libs/pkg/golog/slog_logger.go:100.29,102.3 1 1
github.com/lao-tseu-is-alive/go-cloud-k8s-common-libs/pkg/golog/slog_logger.go:103.2,103.44 1 6
github.com/lao-tseu-is-alive/go-cloud-k8s-common-libs/pkg/golog/slog_logger.go:106.68,117.2 4 1
github.com/lao-tseu-is-alive/go-cloud-k8s-common-libs/pkg/golog/slog_logger.go:119.62,120.16 1 1
github.com/lao-tseu-is-alive/go-cloud-k8s-common-libs/pkg/golog/slog_logger.go:120.16,122.3 1 0
github.com/lao-tseu-is-alive/go-cloud-k8s-common-libs/pkg/golog/slog_logger.go:123.2,132.3 4 1
github.com/lao-tseu-is-alive/go-cloud-k8s-common-libs/pkg/golog/slog_logger.go:136.36,137.11 1 13
github.com/lao-tseu-is-alive/go-cloud-k8s-common-libs/pkg/golog/slog_logger.go:138.18,139.25 1 4
github.com/lao-tseu-is-alive/go-cloud-k8s-common-libs/pkg/golog/slog_logger.go:140.17,141.24 1 5
github.com/lao-tseu-is-alive/go-cloud-k8s-common-libs/pkg/golog/slog_logger.go:142.17,143.24 1 2
github.com/lao-tseu-is-alive/go-cloud-k8s-common-libs/pkg/golog/slog_logger.go:144.30,145.25 1 2
github.com/lao-tseu-is-alive/go-cloud-k8s-common-libs/pkg/golog/slog_logger.go:146.10,147.24 1 0
github.com/lao-tseu-is-alive/go-cloud-k8s-common-libs/pkg/golog/slog_logger.go:156.80,164.20 4 8
github.com/lao-tseu-is-alive/go-cloud-k8s-common-libs/pkg/golog/slog_logger.go:165.14,166.43 1 1
github.com/lao-tseu-is-alive/go-cloud-k8s-common-libs/pkg/golog/slog_logger.go:167.14,168.43 1 1
github.com/lao-tseu-is-alive/go-cloud-k8s-common-libs/pkg/golog/slog_logger.go:169.10,171.41 1 6
github.com/lao-tseu-is-alive/go-cloud-k8s-common-libs/pkg/golog/slog_logger.go:174.2,174.26 1 8
github.com/lao-tseu-is-alive/go-cloud-k8s-common-libs/pkg/golog/slog_logger.go:179.68,181.2 1 0
github.com/lao-tseu-is-alive/go-cloud-k8s-common-libs/pkg/golog/slog_logger.go:185.48,187.2 1 0
github.com/lao-tseu-is-alive/go-cloud-k8s-common-libs/pkg/golog/slog_logger.go:190.21,206.2 7 0
github.com/lao-tseu-is-alive/go-cloud-k8s-common-libs/pkg/tools/camelCaseToOther.go:14.37,18.43 4 3
github.com/lao-tseu-is-alive/go-cloud-k8s-common-libs/pkg/tools/camelCaseToOther.go:18.43,19.55 1 38
github.com/lao-tseu-is-alive/go-cloud-k8s-common-libs/pkg/tools/camelCaseToOther.go:19.55,20.26 1 12
github.com/lao-tseu-is-alive/go-cloud-k8s-common-libs/pkg/tools/camelCaseToOther.go:20.26,22.5 1 8
github.com/lao-tseu-is-alive/go-cloud-k8s-common-libs/pkg/tools/camelCaseToOther.go:24.3,24.25 1 38
github.com/lao-tseu-is-alive/go-cloud-k8s-common-libs/pkg/tools/camelCaseToOther.go:24.25,26.4 1 12
github.com/lao-tseu-is-alive/go-cloud-k8s-common-libs/pkg/tools/camelCaseToOther.go:26.9,28.4 1 26
github.com/lao-tseu-is-alive/go-cloud-k8s-common-libs/pkg/tools/camelCaseToOther.go:29.3,29.26 1 38
github.com/lao-tseu-is-alive/go-cloud-k8s-common-libs/pkg/tools/camelCaseToOther.go:29.26,31.4 1 2
github.com/lao-tseu-is-alive/go-cloud-k8s-common-libs/pkg/tools/camelCaseToOther.go:31.9,33.4 1 36
github.com/lao-tseu-is-alive/go-cloud-k8s-common-libs/pkg/tools/camelCaseToOther.go:34.3,34.22 1 38
github.com/lao-tseu-is-alive/go-cloud-k8s-common-libs/pkg/tools/camelCaseToOther.go:36.2,36.32 1 3
github.com/lao-tseu-is-alive/go-cloud-k8s-common-libs/pkg/tools/camelCaseToOther.go:39.37,44.2 4 3
github.com/lao-tseu-is-alive/go-cloud-k8s-common-libs/pkg/tools/discovertType.go:12.44,13.43 1 14
github.com/lao-tseu-is-alive/go-cloud-k8s-common-libs/pkg/tools/discovertType.go:14.20,15.36 1 1
github.com/lao-tseu-is-alive/go-cloud-k8s-common-libs/pkg/tools/discovertType.go:16.22,17.35 1 2
github.com/lao-tseu-is-alive/go-cloud-k8s-common-libs/pkg/tools/discovertType.go:18.19,19.16 1 5
github.com/lao-tseu-is-alive/go-cloud-k8s-common-libs/pkg/tools/discovertType.go:19.16,21.4 1 1
github.com/lao-tseu-is-alive/go-cloud-k8s-common-libs/pkg/tools/discovertType.go:21.9,23.4 1 4
github.com/lao-tseu-is-alive/go-cloud-k8s-common-libs/pkg/tools/discovertType.go:24.3,24.33 1 5
github.com/lao-tseu-is-alive/go-cloud-k8s-common-libs/pkg/tools/discovertType.go:25.23,26.46 1 2
github.com/lao-tseu-is-alive/go-cloud-k8s-common-libs/pkg/tools/discovertType.go:27.79,28.47 1 1
github.com/lao-tseu-is-alive/go-cloud-k8s-common-libs/pkg/tools/discovertType.go:29.41,30.46 1 1
github.com/lao-tseu-is-alive/go-cloud-k8s-common-libs/pkg/tools/discovertType.go:31.23,32.46 1 1
github.com/lao-tseu-is-alive/go-cloud-k8s-common-libs/pkg/tools/discovertType.go:33.11,35.83 2 0
github.com/lao-tseu-is-alive/go-cloud-k8s-common-libs/pkg/tools/discovertType.go:37.78,38.36 1 2
github.com/lao-tseu-is-alive/go-cloud-k8s-common-libs/pkg/tools/discovertType.go:39.40,40.35 1 1
github.com/lao-tseu-is-alive/go-cloud-k8s-common-libs/pkg/tools/discovertType.go:41.21,42.34 1 1
github.com/lao-tseu-is-alive/go-cloud-k8s-common-libs/pkg/tools/discovertType.go:43.22,44.35 1 1
github.com/lao-tseu-is-alive/go-cloud-k8s-common-libs/pkg/tools/discovertType.go:45.10,47.82 2 1
github.com/lao-tseu-is-alive/go-cloud-k8s-common-libs/pkg/config/getAdminInfoFromEnv.go:31.60,34.11 3 4
github.com/lao-tseu-is-alive/go-cloud-k8s-common-libs/pkg/config/getAdminInfoFromEnv.go:34.11,36.3 1 3
github.com/lao-tseu-is-alive/go-cloud-k8s-common-libs/pkg/config/getAdminInfoFromEnv.go:37.2,37.59 1 4
github.com/lao-tseu-is-alive/go-cloud-k8s-common-libs/pkg/config/getAdminInfoFromEnv.go:37.59,39.3 1 1
github.com/lao-tseu-is-alive/go-cloud-k8s-common-libs/pkg/config/getAdminInfoFromEnv.go:40.2,40.23 1 3
github.com/lao-tseu-is-alive/go-cloud-k8s-common-libs/pkg/config/getAdminInfoFromEnv.go:45.62,48.11 3 4
github.com/lao-tseu-is-alive/go-cloud-k8s-common-libs/pkg/config/getAdminInfoFromEnv.go:48.11,50.3 1 3
github.com/lao-tseu-is-alive/go-cloud-k8s-common-libs/pkg/config/getAdminInfoFromEnv.go:51.2,51.61 1 4
github.com/lao-tseu-is-alive/go-cloud-k8s-common-libs/pkg/config/getAdminInfoFromEnv.go:51.61,53.3 1 1
github.com/lao-tseu-is-alive/go-cloud-k8s-common-libs/pkg/config/getAdminInfoFromEnv.go:54.2,55.16 2 3
github.com/lao-tseu-is-alive/go-cloud-k8s-common-libs/pkg/config/getAdminInfoFromEnv.go:55.16,57.3 1 1
github.com/lao-tseu-is-alive/go-cloud-k8s-common-libs/pkg/config/getAdminInfoFromEnv.go:58.2,58.31 1 2
github.com/lao-tseu-is-alive/go-cloud-k8s-common-libs/pkg/config/getAdminInfoFromEnv.go:58.31,59.10 1 32
github.com/lao-tseu-is-alive/go-cloud-k8s-common-libs/pkg/config/getAdminInfoFromEnv.go:60.53,61.12 1 4
github.com/lao-tseu-is-alive/go-cloud-k8s-common-libs/pkg/config/getAdminInfoFromEnv.go:62.50,63.81 1 0
github.com/lao-tseu-is-alive/go-cloud-k8s-common-libs/pkg/config/getAdminInfoFromEnv.go:66.2,66.24 1 2
github.com/lao-tseu-is-alive/go-cloud-k8s-common-libs/pkg/config/getAdminInfoFromEnv.go:71.50,73.12 2 3
github.com/lao-tseu-is-alive/go-cloud-k8s-common-libs/pkg/config/getAdminInfoFromEnv.go:73.12,75.3 1 1
github.com/lao-tseu-is-alive/go-cloud-k8s-common-libs/pkg/config/getAdminInfoFromEnv.go:76.2,77.16 2 2
github.com/lao-tseu-is-alive/go-cloud-k8s-common-libs/pkg/config/getAdminInfoFromEnv.go:77.16,79.3 1 1
github.com/lao-tseu-is-alive/go-cloud-k8s-common-libs/pkg/config/getAdminInfoFromEnv.go:80.2,80.21 1 1
github.com/lao-tseu-is-alive/go-cloud-k8s-common-libs/pkg/config/getAdminInfoFromEnv.go:85.66,87.12 2 0
github.com/lao-tseu-is-alive/go-cloud-k8s-common-libs/pkg/config/getAdminInfoFromEnv.go:87.12,89.3 1 0
github.com/lao-tseu-is-alive/go-cloud-k8s-common-libs/pkg/config/getAdminInfoFromEnv.go:90.2,91.16 2 0
github.com/lao-tseu-is-alive/go-cloud-k8s-common-libs/pkg/config/getAdminInfoFromEnv.go:91.16,93.3 1 0
github.com/lao-tseu-is-alive/go-cloud-k8s-common-libs/pkg/config/getAdminInfoFromEnv.go:94.2,94.21 1 0
github.com/lao-tseu-is-alive/go-cloud-k8s-common-libs/pkg/config/getAdminInfoFromEnv.go:99.41,101.12 2 4
github.com/lao-tseu-is-alive/go-cloud-k8s-common-libs/pkg/config/getAdminInfoFromEnv.go:101.12,103.3 1 1
github.com/lao-tseu-is-alive/go-cloud-k8s-common-libs/pkg/config/getAdminInfoFromEnv.go:104.2,104.57 1 3
github.com/lao-tseu-is-alive/go-cloud-k8s-common-libs/pkg/config/getAdminInfoFromEnv.go:104.57,106.3 1 1
github.com/lao-tseu-is-alive/go-cloud-k8s-common-libs/pkg/config/getAdminInfoFromEnv.go:107.2,107.36 1 2
github.com/lao-tseu-is-alive/go-cloud-k8s-common-libs/pkg/config/getAdminInfoFromEnv.go:107.36,109.3 1 1
github.com/lao-tseu-is-alive/go-cloud-k8s-common-libs/pkg/config/getAdminInfoFromEnv.go:110.2,110.17 1 1
github.com/lao-tseu-is-alive/go-cloud-k8s-common-libs/pkg/config/getAdminInfoFromEnv.go:116.46,118.22 2 2
github.com/lao-tseu-is-alive/go-cloud-k8s-common-libs/pkg/config/getAdminInfoFromEnv.go:118.22,119.10 1 25
github.com/lao-tseu-is-alive/go-cloud-k8s-common-libs/pkg/config/getAdminInfoFromEnv.go:120.28,121.20 1 1
github.com/lao-tseu-is-alive/go-cloud-k8s-common-libs/pkg/config/getAdminInfoFromEnv.go:122.27,123.23 1 2
github.com/lao-tseu-is-alive/go-cloud-k8s-common-libs/pkg/config/getAdminInfoFromEnv.go:124.27,125.23 1 21
github.com/lao-tseu-is-alive/go-cloud-k8s-common-libs/pkg/config/getAdminInfoFromEnv.go:126.64,127.16 1 0
github.com/lao-tseu-is-alive/go-cloud-k8s-common-libs/pkg/config/getAdminInfoFromEnv.go:128.50,129.21 1 1
github.com/lao-tseu-is-alive/go-cloud-k8s-common-libs/pkg/config/getAdminInfoFromEnv.go:132.2,132.64 1 2
github.com/lao-tseu-is-alive/go-cloud-k8s-common-libs/pkg/config/getDbDsnFromEnv.go:27.134,36.11 7 4
github.com/lao-tseu-is-alive/go-cloud-k8s-common-libs/pkg/config/getDbDsnFromEnv.go:36.11,38.17 2 1
github.com/lao-tseu-is-alive/go-cloud-k8s-common-libs/pkg/config/getDbDsnFromEnv.go:38.17,40.4 1 1
github.com/lao-tseu-is-alive/go-cloud-k8s-common-libs/pkg/config/getDbDsnFromEnv.go:41.3,41.31 1 0
github.com/lao-tseu-is-alive/go-cloud-k8s-common-libs/pkg/config/getDbDsnFromEnv.go:41.31,43.4 1 0
github.com/lao-tseu-is-alive/go-cloud-k8s-common-libs/pkg/config/getDbDsnFromEnv.go:44.3,44.17 1 0
github.com/lao-tseu-is-alive/go-cloud-k8s-common-libs/pkg/config/getDbDsnFromEnv.go:48.2,49.11 2 3
github.com/lao-tseu-is-alive/go-cloud-k8s-common-libs/pkg/config/getDbDsnFromEnv.go:49.11,50.30 1 1
github.com/lao-tseu-is-alive/go-cloud-k8s-common-libs/pkg/config/getDbDsnFromEnv.go:50.30,52.4 1 1
github.com/lao-tseu-is-alive/go-cloud-k8s-common-libs/pkg/config/getDbDsnFromEnv.go:53.3,53.14 1 0
github.com/lao-tseu-is-alive/go-cloud-k8s-common-libs/pkg/config/getDbDsnFromEnv.go:57.2,58.11 2 2
github.com/lao-tseu-is-alive/go-cloud-k8s-common-libs/pkg/config/getDbDsnFromEnv.go:58.11,60.3 1 2
github.com/lao-tseu-is-alive/go-cloud-k8s-common-libs/pkg/config/getDbDsnFromEnv.go:63.2,64.11 2 2
github.com/lao-tseu-is-alive/go-cloud-k8s-common-libs/pkg/config/getDbDsnFromEnv.go:64.11,66.3 1 2
github.com/lao-tseu-is-alive/go-cloud-k8s-common-libs/pkg/config/getDbDsnFromEnv.go:69.2,70.12 2 2
github.com/lao-tseu-is-alive/go-cloud-k8s-common-libs/pkg/config/getDbDsnFromEnv.go:70.12,72.3 1 1
github.com/lao-tseu-is-alive/go-cloud-k8s-common-libs/pkg/config/getDbDsnFromEnv.go:75.2,76.11 2 1
github.com/lao-tseu-is-alive/go-cloud-k8s-common-libs/pkg/config/getDbDsnFromEnv.go:76.11,78.3 1 1
github.com/lao-tseu-is-alive/go-cloud-k8s-common-libs/pkg/config/getDbDsnFromEnv.go:80.2,81.62 1 1
github.com/lao-tseu-is-alive/go-cloud-k8s-common-libs/pkg/config/getIpPortAddress.go:23.44,25.12 2 7
github.com/lao-tseu-is-alive/go-cloud-k8s-common-libs/pkg/config/getIpPortAddress.go:25.12,26.45 1 1
github.com/lao-tseu-is-alive/go-cloud-k8s-common-libs/pkg/config/getIpPortAddress.go:26.45,28.4 1 0
github.com/lao-tseu-is-alive/go-cloud-k8s-common-libs/pkg/config/getIpPortAddress.go:29.3,29.26 1 1
github.com/lao-tseu-is-alive/go-cloud-k8s-common-libs/pkg/config/getIpPortAddress.go:31.2,32.16 2 6
github.com/lao-tseu-is-alive/go-cloud-k8s-common-libs/pkg/config/getIpPortAddress.go:32.16,34.3 1 1
github.com/lao-tseu-is-alive/go-cloud-k8s-common-libs/pkg/config/getIpPortAddress.go:35.2,35.30 1 5
github.com/lao-tseu-is-alive/go-cloud-k8s-common-libs/pkg/config/getIpPortAddress.go:35.30,37.3 1 2
github.com/lao-tseu-is-alive/go-cloud-k8s-common-libs/pkg/config/getIpPortAddress.go:38.2,38.18 1 3
github.com/lao-tseu-is-alive/go-cloud-k8s-common-libs/pkg/config/getIpPortAddress.go:43.55,46.11 3 3
github.com/lao-tseu-is-alive/go-cloud-k8s-common-libs/pkg/config/getIpPortAddress.go:46.11,48.3 1 2
github.com/lao-tseu-is-alive/go-cloud-k8s-common-libs/pkg/config/getIpPortAddress.go:49.2,49.31 1 3
github.com/lao-tseu-is-alive/go-cloud-k8s-common-libs/pkg/config/getIpPortAddress.go:49.31,51.3 1 1
github.com/lao-tseu-is-alive/go-cloud-k8s-common-libs/pkg/config/getIpPortAddress.go:52.2,52.19 1 2
github.com/lao-tseu-is-alive/go-cloud-k8s-common-libs/pkg/config/getIpPortAddress.go:57.66,60.12 3 3
github.com/lao-tseu-is-alive/go-cloud-k8s-common-libs/pkg/config/getIpPortAddress.go:60.12,63.26 3 2
github.com/lao-tseu-is-alive/go-cloud-k8s-common-libs/pkg/config/getIpPortAddress.go:63.26,65.23 2 4
github.com/lao-tseu-is-alive/go-cloud-k8s-common-libs/pkg/config/getIpPortAddress.go:65.23,67.5 1 4
github.com/lao-tseu-is-alive/go-cloud-k8s-common-libs/pkg/config/getIpPortAddress.go:70.2,70.32 1 3
github.com/lao-tseu-is-alive/go-cloud-k8s-common-libs/pkg/config/getIpPortAddress.go:70.32,71.29 1 5
github.com/lao-tseu-is-alive/go-cloud-k8s-common-libs/pkg/config/getIpPortAddress.go:71.29,73.4 1 1
github.com/lao-tseu-is-alive/go-cloud-k8s-common-libs/pkg/config/getIpPortAddress.go:75.2,75.26 1 2
github.com/lao-tseu-is-alive/go-cloud-k8s-common-libs/pkg/config/getIpPortAddress.go:75.26,77.3 1 0
github.com/lao-tseu-is-alive/go-cloud-k8s-common-libs/pkg/config/getIpPortAddress.go:78.2,78.24 1 2
github.com/lao-tseu-is-alive/go-cloud-k8s-common-libs/pkg/config/getIpPortAddress.go:83.42,85.12 2 3
github.com/lao-tseu-is-alive/go-cloud-k8s-common-libs/pkg/config/getIpPortAddress.go:85.12,87.3 1 1
github.com/lao-tseu-is-alive/go-cloud-k8s-common-libs/pkg/config/getIpPortAddress.go:88.2,90.36 3 2
github.com/lao-tseu-is-alive/go-cloud-k8s-common-libs/pkg/config/getIpPortAddress.go:90.36,92.24 2 3
github.com/lao-tseu-is-alive/go-cloud-k8s-common-libs/pkg/config/getIpPortAddress.go:92.24,94.4 1 3
github.com/lao-tseu-is-alive/go-cloud-k8s-common-libs/pkg/config/getIpPortAddress.go:96.2,96.28 1 2
github.com/lao-tseu-is-alive/go-cloud-k8s-common-libs/pkg/config/getIpPortAddress.go:96.28,98.3 1 0
github.com/lao-tseu-is-alive/go-cloud-k8s-common-libs/pkg/config/getIpPortAddress.go:99.2,99.26 1 2
github.com/lao-tseu-is-alive/go-cloud-k8s-common-libs/pkg/config/getJwtInfoFromEnv.go:32.37,34.12 2 4
github.com/lao-tseu-is-alive/go-cloud-k8s-common-libs/pkg/config/getJwtInfoFromEnv.go:34.12,36.3 1 1
github.com/lao-tseu-is-alive/go-cloud-k8s-common-libs/pkg/config/getJwtInfoFromEnv.go:37.2,37.51 1 3
github.com/lao-tseu-is-alive/go-cloud-k8s-common-libs/pkg/config/getJwtInfoFromEnv.go:37.51,39.3 1 1
github.com/lao-tseu-is-alive/go-cloud-k8s-common-libs/pkg/config/getJwtInfoFromEnv.go:40.2,40.17 1 2
github.com/lao-tseu-is-alive/go-cloud-k8s-common-libs/pkg/config/getJwtInfoFromEnv.go:45.37,47.12 2 4
github.com/lao-tseu-is-alive/go-cloud-k8s-common-libs/pkg/config/getJwtInfoFromEnv.go:47.12,49.3 1 1
github.com/lao-tseu-is-alive/go-cloud-k8s-common-libs/pkg/config/getJwtInfoFromEnv.go:50.2,50.51 1 3
github.com/lao-tseu-is-alive/go-cloud-k8s-common-libs/pkg/config/getJwtInfoFromEnv.go:50.51,52.3 1 1
github.com/lao-tseu-is-alive/go-cloud-k8s-common-libs/pkg/config/getJwtInfoFromEnv.go:53.2,53.17 1 2
github.com/lao-tseu-is-alive/go-cloud-k8s-common-libs/pkg/config/getJwtInfoFromEnv.go:58.41,60.12 2 6
github.com/lao-tseu-is-alive/go-cloud-k8s-common-libs/pkg/config/getJwtInfoFromEnv.go:60.12,62.3 1 1
github.com/lao-tseu-is-alive/go-cloud-k8s-common-libs/pkg/config/getJwtInfoFromEnv.go:63.2,63.55 1 5
github.com/lao-tseu-is-alive/go-cloud-k8s-common-libs/pkg/config/getJwtInfoFromEnv.go:63.55,65.3 1 1
github.com/lao-tseu-is-alive/go-cloud-k8s-common-libs/pkg/config/getJwtInfoFromEnv.go:66.2,67.12 2 4
github.com/lao-tseu-is-alive/go-cloud-k8s-common-libs/pkg/config/getJwtInfoFromEnv.go:67.12,69.3 1 2
github.com/lao-tseu-is-alive/go-cloud-k8s-common-libs/pkg/config/getJwtInfoFromEnv.go:70.2,70.17 1 2
github.com/lao-tseu-is-alive/go-cloud-k8s-common-libs/pkg/config/getJwtInfoFromEnv.go:75.38,77.12 2 0
github.com/lao-tseu-is-alive/go-cloud-k8s-common-libs/pkg/config/getJwtInfoFromEnv.go:77.12,79.3 1 0
github.com/lao-tseu-is-alive/go-cloud-k8s-common-libs/pkg/config/getJwtInfoFromEnv.go:80.2,81.12 2 0
github.com/lao-tseu-is-alive/go-cloud-k8s-common-libs/pkg/config/getJwtInfoFromEnv.go:81.12,83.3 1 0
github.com/lao-tseu-is-alive/go-cloud-k8s-common-libs/pkg/config/getJwtInfoFromEnv.go:84.2,84.17 1 0
github.com/lao-tseu-is-alive/go-cloud-k8s-common-libs/pkg/config/getJwtInfoFromEnv.go:89.55,91.12 2 7
github.com/lao-tseu-is-alive/go-cloud-k8s-common-libs/pkg/config/getJwtInfoFromEnv.go:91.12,92.52 1 1
github.com/lao-tseu-is-alive/go-cloud-k8s-common-libs/pkg/config/getJwtInfoFromEnv.go:92.52,94.4 1 0
github.com/lao-tseu-is-alive/go-cloud-k8s-common-libs/pkg/config/getJwtInfoFromEnv.go:95.3,95.30 1 1
github.com/lao-tseu-is-alive/go-cloud-k8s-common-libs/pkg/config/getJwtInfoFromEnv.go:97.2,98.16 2 6
github.com/lao-tseu-is-alive/go-cloud-k8s-common-libs/pkg/config/getJwtInfoFromEnv.go:98.16,100.3 1 1
github.com/lao-tseu-is-alive/go-cloud-k8s-common-libs/pkg/config/getJwtInfoFromEnv.go:101.2,101.37 1 5
github.com/lao-tseu-is-alive/go-cloud-k8s-common-libs/pkg/config/getJwtInfoFromEnv.go:101.37,103.3 1 2
github.com/lao-tseu-is-alive/go-cloud-k8s-common-libs/pkg/config/getJwtInfoFromEnv.go:104.2,104.22 1 3
github.com/lao-tseu-is-alive/go-cloud-k8s-common-libs/pkg/config/getJwtInfoFromEnv.go:109.50,111.12 2 0
github.com/lao-tseu-is-alive/go-cloud-k8s-common-libs/pkg/config/getJwtInfoFromEnv.go:111.12,113.3 1 0
github.com/lao-tseu-is-alive/go-cloud-k8s-common-libs/pkg/config/getJwtInfoFromEnv.go:114.2,114.12 1 0
github.com/lao-tseu-is-alive/go-cloud-k8s-common-libs/pkg/config/getJwtInfoFromEnv.go:119.49,121.12 2 0
github.com/lao-tseu-is-alive/go-cloud-k8s-common-libs/pkg/config/getJwtInfoFromEnv.go:121.12,123.3 1 0
github.com/lao-tseu-is-alive/go-cloud-k8s-common-libs/pkg/config/getJwtInfoFromEnv.go:124.2,124.12 1 0
github.com/lao-tseu-is-alive/go-cloud-k8s-common-libs/pkg/config/getLogInfoFromEnv.go:24.61,27.11 3 0
github.com/lao-tseu-is-alive/go-cloud-k8s-common-libs/pkg/config/getLogInfoFromEnv.go:27.11,29.3 1 0
github.com/lao-tseu-is-alive/go-cloud-k8s-common-libs/pkg/config/getLogInfoFromEnv.go:30.2,30.45 1 0
github.com/lao-tseu-is-alive/go-cloud-k8s-common-libs/pkg/config/getLogInfoFromEnv.go:30.45,32.3 1 0
github.com/lao-tseu-is-alive/go-cloud-k8s-common-libs/pkg/config/getLogInfoFromEnv.go:33.2,33.21 1 0
github.com/lao-tseu-is-alive/go-cloud-k8s-common-libs/pkg/config/getLogInfoFromEnv.go:34.16,35.24 1 0
github.com/lao-tseu-is-alive/go-cloud-k8s-common-libs/pkg/config/getLogInfoFromEnv.go:36.16,37.24 1 0
github.com/lao-tseu-is-alive/go-cloud-k8s-common-libs/pkg/config/getLogInfoFromEnv.go:38.17,39.25 1 0
github.com/lao-tseu-is-alive/go-cloud-k8s-common-libs/pkg/config/getLogInfoFromEnv.go:40.10,42.17 2 0
github.com/lao-tseu-is-alive/go-cloud-k8s-common-libs/pkg/config/getLogInfoFromEnv.go:42.17,44.4 1 0
github.com/lao-tseu-is-alive/go-cloud-k8s-common-libs/pkg/config/getLogInfoFromEnv.go:45.3,45.19 1 0
github.com/lao-tseu-is-alive/go-cloud-k8s-common-libs/pkg/config/getLogInfoFromEnv.go:52.65,54.41 2 0
github.com/lao-tseu-is-alive/go-cloud-k8s-common-libs/pkg/config/getLogInfoFromEnv.go:54.41,56.3 1 0
github.com/lao-tseu-is-alive/go-cloud-k8s-common-libs/pkg/config/getLogInfoFromEnv.go:58.2,59.11 2 0
github.com/lao-tseu-is-alive/go-cloud-k8s-common-libs/pkg/config/getLogInfoFromEnv.go:60.20,61.31 1 0
github.com/lao-tseu-is-alive/go-cloud-k8s-common-libs/pkg/config/getLogInfoFromEnv.go:62.19,63.30 1 0
github.com/lao-tseu-is-alive/go-cloud-k8s-common-libs/pkg/config/getLogInfoFromEnv.go:64.30,65.30 1 0
github.com/lao-tseu-is-alive/go-cloud-k8s-common-libs/pkg/config/getLogInfoFromEnv.go:66.20,67.31 1 0
github.com/lao-tseu-is-alive/go-cloud-k8s-common-libs/pkg/config/getLogInfoFromEnv.go:68.20,69.31 1 0
github.com/lao-tseu-is-alive/go-cloud-k8s-common-libs/pkg/config/getLogInfoFromEnv.go:70.10,71.58 1 0
github.com/lao-tseu-is-alive/go-cloud-k8s-common-libs/pkg/config/getTlsInfoFromEnv.go:16.35,18.14 2 5
github.com/lao-tseu-is-alive/go-cloud-k8s-common-libs/pkg/config/getTlsInfoFromEnv.go:19.18,20.21 1 2
github.com/lao-tseu-is-alive/go-cloud-k8s-common-libs/pkg/config/getTlsInfoFromEnv.go:21.16,22.23 1 1
github.com/lao-tseu-is-alive/go-cloud-k8s-common-libs/pkg/config/getTlsInfoFromEnv.go:23.18,24.25 1 1
github.com/lao-tseu-is-alive/go-cloud-k8s-common-libs/pkg/config/getTlsInfoFromEnv.go:25.10,26.65 1 1
github.com/lao-tseu-is-alive/go-cloud-k8s-common-libs/pkg/config/getTlsInfoFromEnv.go:31.30,33.2 1 0
github.com/lao-tseu-is-alive/go-cloud-k8s-common-libs/pkg/config/getTlsInfoFromEnv.go:36.29,38.2 1 0
github.com/lao-tseu-is-alive/go-cloud-k8s-common-libs/pkg/config/getTlsInfoFromEnv.go:41.34,43.17 2 0
github.com/lao-tseu-is-alive/go-cloud-k8s-common-libs/pkg/config/getTlsInfoFromEnv.go:43.17,45.3 1 0
github.com/lao-tseu-is-alive/go-cloud-k8s-common-libs/pkg/config/getTlsInfoFromEnv.go:46.2,46.34 1 0
github.com/lao-tseu-is-alive/go-cloud-k8s-common-libs/pkg/config/getTlsInfoFromEnv.go:51.30,53.15 2 0
github.com/lao-tseu-is-alive/go-cloud-k8s-common-libs/pkg/config/getTlsInfoFromEnv.go:53.15,55.3 1 0
github.com/lao-tseu-is-alive/go-cloud-k8s-common-libs/pkg/config/getTlsInfoFromEnv.go:56.2,56.12 1 0
github.com/lao-tseu-is-alive/go-cloud-k8s-common-libs/pkg/metadata/service.go:46.66,47.60 1 2
github.com/lao-tseu-is-alive/go-cloud-k8s-common-libs/pkg/metadata/service.go:47.60,49.26 2 1
github.com/lao-tseu-is-alive/go-cloud-k8s-common-libs/pkg/metadata/service.go:49.26,51.4 1 0
github.com/lao-tseu-is-alive/go-cloud-k8s-common-libs/pkg/metadata/service.go:52.3,52.33 1 1
github.com/lao-tseu-is-alive/go-cloud-k8s-common-libs/pkg/metadata/service.go:52.33,54.4 1 1
github.com/lao-tseu-is-alive/go-cloud-k8s-common-libs/pkg/metadata/service.go:54.9,56.4 1 0
github.com/lao-tseu-is-alive/go-cloud-k8s-common-libs/pkg/metadata/service.go:57.3,57.9 1 1
github.com/lao-tseu-is-alive/go-cloud-k8s-common-libs/pkg/metadata/service.go:58.8,62.17 3 1
github.com/lao-tseu-is-alive/go-cloud-k8s-common-libs/pkg/metadata/service.go:62.17,64.88 2 0
github.com/lao-tseu-is-alive/go-cloud-k8s-common-libs/pkg/metadata/service.go:66.3,67.9 2 1
github.com/lao-tseu-is-alive/go-cloud-k8s-common-libs/pkg/metadata/service.go:72.113,75.16 3 2
github.com/lao-tseu-is-alive/go-cloud-k8s-common-libs/pkg/metadata/service.go:75.16,77.60 2 0
github.com/lao-tseu-is-alive/go-cloud-k8s-common-libs/pkg/metadata/service.go:79.2,79.15 1 2
github.com/lao-tseu-is-alive/go-cloud-k8s-common-libs/pkg/metadata/service.go:79.15,82.17 3 1
github.com/lao-tseu-is-alive/go-cloud-k8s-common-libs/pkg/metadata/service.go:82.17,84.59 2 0
github.com/lao-tseu-is-alive/go-cloud-k8s-common-libs/pkg/metadata/service.go:86.3,86.23 1 1
github.com/lao-tseu-is-alive/go-cloud-k8s-common-libs/pkg/metadata/service.go:87.8,90.3 2 1
github.com/lao-tseu-is-alive/go-cloud-k8s-common-libs/pkg/metadata/service.go:94.93,97.16 3 3
github.com/lao-tseu-is-alive/go-cloud-k8s-common-libs/pkg/metadata/service.go:97.16,99.60 2 0
github.com/lao-tseu-is-alive/go-cloud-k8s-common-libs/pkg/metadata/service.go:101.2,101.15 1 3
github.com/lao-tseu-is-alive/go-cloud-k8s-common-libs/pkg/metadata/service.go:101.15,104.17 3 2
github.com/lao-tseu-is-alive/go-cloud-k8s-common-libs/pkg/metadata/service.go:104.17,107.59 2 0
github.com/lao-tseu-is-alive/go-cloud-k8s-common-libs/pkg/metadata/service.go:109.3,109.29 1 2
github.com/lao-tseu-is-alive/go-cloud-k8s-common-libs/pkg/metadata/service.go:109.29,112.4 2 1
github.com/lao-tseu-is-alive/go-cloud-k8s-common-libs/pkg/metadata/service.go:112.9,114.18 2 1
github.com/lao-tseu-is-alive/go-cloud-k8s-common-libs/pkg/metadata/service.go:114.18,116.60 2 0
github.com/lao-tseu-is-alive/go-cloud-k8s-common-libs/pkg/metadata/service.go:118.4,119.10 2 1
github.com/lao-tseu-is-alive/go-cloud-k8s-common-libs/pkg/metadata/service.go:121.8,124.17 3 1
github.com/lao-tseu-is-alive/go-cloud-k8s-common-libs/pkg/metadata/service.go:124.17,126.59 2 0
github.com/lao-tseu-is-alive/go-cloud-k8s-common-libs/pkg/metadata/service.go:128.3,129.9 2 1
github.com/lao-tseu-is-alive/go-cloud-k8s-common-libs/pkg/database/database.go:32.48,34.2 1 2
github.com/lao-tseu-is-alive/go-cloud-k8s-common-libs/pkg/database/database.go:37.130,41.23 3 1
github.com/lao-tseu-is-alive/go-cloud-k8s-common-libs/pkg/database/database.go:41.23,43.17 2 0
github.com/lao-tseu-is-alive/go-cloud-k8s-common-libs/pkg/database/database.go:43.17,45.4 1 0
github.com/lao-tseu-is-alive/go-cloud-k8s-common-libs/pkg/database/database.go:46.8,48.3 1 1
github.com/lao-tseu-is-alive/go-cloud-k8s-common-libs/pkg/database/database.go:50.2,50.16 1 0
github.com/lao-tseu-is-alive/go-cloud-k8s-common-libs/pkg/database/mock_db.go:55.26,66.2 1 1
github.com/lao-tseu-is-alive/go-cloud-k8s-common-libs/pkg/database/mock_db.go:68.123,71.2 2 1
github.com/lao-tseu-is-alive/go-cloud-k8s-common-libs/pkg/database/mock_db.go:73.114,76.2 2 1
github.com/lao-tseu-is-alive/go-cloud-k8s-common-libs/pkg/database/mock_db.go:78.113,81.2 2 1
github.com/lao-tseu-is-alive/go-cloud-k8s-common-libs/pkg/database/mock_db.go:83.115,86.2 2 1
github.com/lao-tseu-is-alive/go-cloud-k8s-common-libs/pkg/database/mock_db.go:88.119,91.2 2 1
github.com/lao-tseu-is-alive/go-cloud-k8s-common-libs/pkg/database/mock_db.go:93.77,96.2 2 2
github.com/lao-tseu-is-alive/go-cloud-k8s-common-libs/pkg/database/mock_db.go:98.62,100.2 1 0
github.com/lao-tseu-is-alive/go-cloud-k8s-common-libs/pkg/database/mock_db.go:102.75,105.2 2 1
github.com/lao-tseu-is-alive/go-cloud-k8s-common-libs/pkg/database/mock_db.go:107.89,110.2 2 1
github.com/lao-tseu-is-alive/go-cloud-k8s-common-libs/pkg/database/mock_db.go:112.26,114.2 1 1
github.com/lao-tseu-is-alive/go-cloud-k8s-common-libs/pkg/database/mock_db.go:117.26,127.2 9 10
github.com/lao-tseu-is-alive/go-cloud-k8s-common-libs/pkg/database/mock_db.go:130.38,139.2 8 1
github.com/lao-tseu-is-alive/go-cloud-k8s-common-libs/pkg/database/postgres.go:20.121,25.16 5 0
github.com/lao-tseu-is-alive/go-cloud-k8s-common-libs/pkg/database/postgres.go:25.16,27.3 1 0
github.com/lao-tseu-is-alive/go-cloud-k8s-common-libs/pkg/database/postgres.go:29.2,38.16 8 0
github.com/lao-tseu-is-alive/go-cloud-k8s-common-libs/pkg/database/postgres.go:38.16,41.3 2 0
github.com/lao-tseu-is-alive/go-cloud-k8s-common-libs/pkg/database/postgres.go:41.8,46.21 4 0
github.com/lao-tseu-is-alive/go-cloud-k8s-common-libs/pkg/database/postgres.go:46.21,50.4 2 0
github.com/lao-tseu-is-alive/go-cloud-k8s-common-libs/pkg/database/postgres.go:52.3,52.51 1 0
github.com/lao-tseu-is-alive/go-cloud-k8s-common-libs/pkg/database/postgres.go:55.2,57.19 3 0
github.com/lao-tseu-is-alive/go-cloud-k8s-common-libs/pkg/database/postgres.go:61.123,63.16 2 0
github.com/lao-tseu-is-alive/go-cloud-k8s-common-libs/pkg/database/postgres.go:63.16,66.3 2 0
github.com/lao-tseu-is-alive/go-cloud-k8s-common-libs/pkg/database/postgres.go:67.2,67.44 1 0
github.com/lao-tseu-is-alive/go-cloud-k8s-common-libs/pkg/database/postgres.go:70.114,72.16 2 0
github.com/lao-tseu-is-alive/go-cloud-k8s-common-libs/pkg/database/postgres.go:72.16,75.3 2 0
github.com/lao-tseu-is-alive/go-cloud-k8s-common-libs/pkg/database/postgres.go:76.2,76.26 1 0
github.com/lao-tseu-is-alive/go-cloud-k8s-common-libs/pkg/database/postgres.go:80.113,82.16 2 0
github.com/lao-tseu-is-alive/go-cloud-k8s-common-libs/pkg/database/postgres.go:82.16,85.3 2 0
github.com/lao-tseu-is-alive/go-cloud-k8s-common-libs/pkg/database/postgres.go:86.2,86.20 1 0
github.com/lao-tseu-is-alive/go-cloud-k8s-common-libs/pkg/database/postgres.go:90.115,92.16 2 0
github.com/lao-tseu-is-alive/go-cloud-k8s-common-libs/pkg/database/postgres.go:92.16,95.3 2 0
github.com/lao-tseu-is-alive/go-cloud-k8s-common-libs/pkg/database/postgres.go:96.2,96.20 1 0
github.com/lao-tseu-is-alive/go-cloud-k8s-common-libs/pkg/database/postgres.go:99.119,102.16 3 0
github.com/lao-tseu-is-alive/go-cloud-k8s-common-libs/pkg/database/postgres.go:102.16,105.3 2 0
github.com/lao-tseu-is-alive/go-cloud-k8s-common-libs/pkg/database/postgres.go:106.2,106.30 1 0
github.com/lao-tseu-is-alive/go-cloud-k8s-common-libs/pkg/database/postgres.go:106.30,109.3 2 0
github.com/lao-tseu-is-alive/go-cloud-k8s-common-libs/pkg/database/postgres.go:110.2,111.20 2 0
github.com/lao-tseu-is-alive/go-cloud-k8s-common-libs/pkg/database/postgres.go:114.77,117.16 3 0
github.com/lao-tseu-is-alive/go-cloud-k8s-common-libs/pkg/database/postgres.go:117.16,120.3 2 0
github.com/lao-tseu-is-alive/go-cloud-k8s-common-libs/pkg/database/postgres.go:121.2,121.30 1 0
github.com/lao-tseu-is-alive/go-cloud-k8s-common-libs/pkg/database/postgres.go:121.30,124.3 2 0
github.com/lao-tseu-is-alive/go-cloud-k8s-common-libs/pkg/database/postgres.go:125.2,126.20 2 0
github.com/lao-tseu-is-alive/go-cloud-k8s-common-libs/pkg/database/postgres.go:129.62,130.20 1 0
github.com/lao-tseu-is-alive/go-cloud-k8s-common-libs/pkg/database/postgres.go:130.20,132.3 1 0
github.com/lao-tseu-is-alive/go-cloud-k8s-common-libs/pkg/database/postgres.go:132.8,134.3 1 0
github.com/lao-tseu-is-alive/go-cloud-k8s-common-libs/pkg/database/postgres.go:137.75,139.38 2 0
github.com/lao-tseu-is-alive/go-cloud-k8s-common-libs/pkg/database/postgres.go:139.38,141.3 1 0
github.com/lao-tseu-is-alive/go-cloud-k8s-common-libs/pkg/database/postgres.go:142.2,142.18 1 0
github.com/lao-tseu-is-alive/go-cloud-k8s-common-libs/pkg/database/postgres.go:145.89,147.16 2 0
github.com/lao-tseu-is-alive/go-cloud-k8s-common-libs/pkg/database/postgres.go:147.16,150.3 2 0
github.com/lao-tseu-is-alive/go-cloud-k8s-common-libs/pkg/database/postgres.go:151.2,151.20 1 0
github.com/lao-tseu-is-alive/go-cloud-k8s-common-libs/pkg/database/postgres.go:155.26,158.2 2 0
github.com/lao-tseu-is-alive/go-cloud-k8s-common-libs/pkg/info/kubernetesInfo.go:28.38,30.2 1 8
github.com/lao-tseu-is-alive/go-cloud-k8s-common-libs/pkg/info/kubernetesInfo.go:37.51,43.12 5 8
github.com/lao-tseu-is-alive/go-cloud-k8s-common-libs/pkg/info/kubernetesInfo.go:43.12,48.3 1 1
github.com/lao-tseu-is-alive/go-cloud-k8s-common-libs/pkg/info/kubernetesInfo.go:49.2,51.11 3 7
github.com/lao-tseu-is-alive/go-cloud-k8s-common-libs/pkg/info/kubernetesInfo.go:51.11,53.17 2 6
github.com/lao-tseu-is-alive/go-cloud-k8s-common-libs/pkg/info/kubernetesInfo.go:53.17,58.4 1 1
github.com/lao-tseu-is-alive/go-cloud-k8s-common-libs/pkg/info/kubernetesInfo.go:59.3,59.37 1 5
github.com/lao-tseu-is-alive/go-cloud-k8s-common-libs/pkg/info/kubernetesInfo.go:59.37,64.4 1 3
github.com/lao-tseu-is-alive/go-cloud-k8s-common-libs/pkg/info/kubernetesInfo.go:66.2,66.54 1 3
github.com/lao-tseu-is-alive/go-cloud-k8s-common-libs/pkg/info/kubernetesInfo.go:73.102,87.16 7 0
github.com/lao-tseu-is-alive/go-cloud-k8s-common-libs/pkg/info/kubernetesInfo.go:87.16,92.3 1 0
github.com/lao-tseu-is-alive/go-cloud-k8s-common-libs/pkg/info/kubernetesInfo.go:93.2,96.16 3 0
github.com/lao-tseu-is-alive/go-cloud-k8s-common-libs/pkg/info/kubernetesInfo.go:96.16,101.3 1 0
github.com/lao-tseu-is-alive/go-cloud-k8s-common-libs/pkg/info/kubernetesInfo.go:102.2,105.16 3 0
github.com/lao-tseu-is-alive/go-cloud-k8s-common-libs/pkg/info/kubernetesInfo.go:105.16,110.3 1 0
github.com/lao-tseu-is-alive/go-cloud-k8s-common-libs/pkg/info/kubernetesInfo.go:111.2,114.16 3 0
github.com/lao-tseu-is-alive/go-cloud-k8s-common-libs/pkg/info/kubernetesInfo.go:114.16,119.3 1 0
github.com/lao-tseu-is-alive/go-cloud-k8s-common-libs/pkg/info/kubernetesInfo.go:120.2,122.16 3 0
github.com/lao-tseu-is-alive/go-cloud-k8s-common-libs/pkg/info/kubernetesInfo.go:122.16,129.3 1 0
github.com/lao-tseu-is-alive/go-cloud-k8s-common-libs/pkg/info/kubernetesInfo.go:129.8,134.53 5 0
github.com/lao-tseu-is-alive/go-cloud-k8s-common-libs/pkg/info/kubernetesInfo.go:134.53,135.28 1 0
github.com/lao-tseu-is-alive/go-cloud-k8s-common-libs/pkg/info/kubernetesInfo.go:135.28,137.5 1 0
github.com/lao-tseu-is-alive/go-cloud-k8s-common-libs/pkg/info/kubernetesInfo.go:139.3,139.95 1 0
github.com/lao-tseu-is-alive/go-cloud-k8s-common-libs/pkg/info/kubernetesInfo.go:142.2,145.3 1 0
github.com/lao-tseu-is-alive/go-cloud-k8s-common-libs/pkg/gohttpclient/gohttpclient.go:17.96,22.34 3 2
github.com/lao-tseu-is-alive/go-cloud-k8s-common-libs/pkg/gohttpclient/gohttpclient.go:22.34,25.17 2 3
github.com/lao-tseu-is-alive/go-cloud-k8s-common-libs/pkg/gohttpclient/gohttpclient.go:25.17,26.13 1 2
github.com/lao-tseu-is-alive/go-cloud-k8s-common-libs/pkg/gohttpclient/gohttpclient.go:26.13,28.5 1 1
github.com/lao-tseu-is-alive/go-cloud-k8s-common-libs/pkg/gohttpclient/gohttpclient.go:29.4,30.12 2 2
github.com/lao-tseu-is-alive/go-cloud-k8s-common-libs/pkg/gohttpclient/gohttpclient.go:33.3,34.9 2 1
github.com/lao-tseu-is-alive/go-cloud-k8s-common-libs/pkg/gohttpclient/gohttpclient.go:36.2,37.78 2 1
github.com/lao-tseu-is-alive/go-cloud-k8s-common-libs/pkg/gohttpclient/gohttpclient.go:40.155,46.16 3 4
github.com/lao-tseu-is-alive/go-cloud-k8s-common-libs/pkg/gohttpclient/gohttpclient.go:46.16,49.3 2 0
github.com/lao-tseu-is-alive/go-cloud-k8s-common-libs/pkg/gohttpclient/gohttpclient.go:52.2,68.16 7 4
github.com/lao-tseu-is-alive/go-cloud-k8s-common-libs/pkg/gohttpclient/gohttpclient.go:68.16,71.3 2 2
github.com/lao-tseu-is-alive/go-cloud-k8s-common-libs/pkg/gohttpclient/gohttpclient.go:72.2,72.33 1 2
github.com/lao-tseu-is-alive/go-cloud-k8s-common-libs/pkg/gohttpclient/gohttpclient.go:72.33,74.17 2 2
github.com/lao-tseu-is-alive/go-cloud-k8s-common-libs/pkg/gohttpclient/gohttpclient.go:74.17,76.4 1 0
github.com/lao-tseu-is-alive/go-cloud-k8s-common-libs/pkg/gohttpclient/gohttpclient.go:78.2,78.38 1 2
github.com/lao-tseu-is-alive/go-cloud-k8s-common-libs/pkg/gohttpclient/gohttpclient.go:78.38,81.3 2 1
github.com/lao-tseu-is-alive/go-cloud-k8s-common-libs/pkg/gohttpclient/gohttpclient.go:82.2,83.16 2 1
github.com/lao-tseu-is-alive/go-cloud-k8s-common-libs/pkg/gohttpclient/gohttpclient.go:83.16,86.3 2 0
github.com/lao-tseu-is-alive/go-cloud-k8s-common-libs/pkg/gohttpclient/gohttpclient.go:87.2,87.26 1 1
github.com/lao-tseu-is-alive/go-cloud-k8s-common-libs/pkg/goHttpEcho/factory.go:21.81,23.16 2 0
github.com/lao-tseu-is-alive/go-cloud-k8s-common-libs/pkg/goHttpEcho/factory.go:23.16,25.3 1 0
github.com/lao-tseu-is-alive/go-cloud-k8s-common-libs/pkg/goHttpEcho/factory.go:26.2,27.16 2 0
github.com/lao-tseu-is-alive/go-cloud-k8s-common-libs/pkg/goHttpEcho/factory.go:27.16,29.3 1 0
github.com/lao-tseu-is-alive/go-cloud-k8s-common-libs/pkg/goHttpEcho/factory.go:30.2,31.16 2 0
github.com/lao-tseu-is-alive/go-cloud-k8s-common-libs/pkg/goHttpEcho/factory.go:31.16,33.3 1 0
github.com/lao-tseu-is-alive/go-cloud-k8s-common-libs/pkg/goHttpEcho/factory.go:34.2,35.16 2 0
github.com/lao-tseu-is-alive/go-cloud-k8s-common-libs/pkg/goHttpEcho/factory.go:35.16,37.3 1 0
github.com/lao-tseu-is-alive/go-cloud-k8s-common-libs/pkg/goHttpEcho/factory.go:38.2,44.8 1 0
github.com/lao-tseu-is-alive/go-cloud-k8s-common-libs/pkg/goHttpEcho/factory.go:50.116,52.16 2 0
github.com/lao-tseu-is-alive/go-cloud-k8s-common-libs/pkg/goHttpEcho/factory.go:52.16,54.3 1 0
github.com/lao-tseu-is-alive/go-cloud-k8s-common-libs/pkg/goHttpEcho/factory.go:55.2,62.8 1 0
github.com/lao-tseu-is-alive/go-cloud-k8s-common-libs/pkg/goHttpEcho/factory.go:85.67,87.16 2 0
github.com/lao-tseu-is-alive/go-cloud-k8s-common-libs/pkg/goHttpEcho/factory.go:87.16,89.3 1 0
github.com/lao-tseu-is-alive/go-cloud-k8s-common-libs/pkg/goHttpEcho/factory.go:90.2,91.16 2 0
github.com/lao-tseu-is-alive/go-cloud-k8s-common-libs/pkg/goHttpEcho/factory.go:91.16,93.3 1 0
github.com/lao-tseu-is-alive/go-cloud-k8s-common-libs/pkg/goHttpEcho/factory.go:94.2,95.16 2 0
github.com/lao-tseu-is-alive/go-cloud-k8s-common-libs/pkg/goHttpEcho/factory.go:95.16,97.3 1 0
github.com/lao-tseu-is-alive/go-cloud-k8s-common-libs/pkg/goHttpEcho/factory.go:98.2,99.16 2 0
github.com/lao-tseu-is-alive/go-cloud-k8s-common-libs/pkg/goHttpEcho/factory.go:99.16,101.3 1 0
github.com/lao-tseu-is-alive/go-cloud-k8s-common-libs/pkg/goHttpEcho/factory.go:102.2,103.16 2 0
github.com/lao-tseu-is-alive/go-cloud-k8s-common-libs/pkg/goHttpEcho/factory.go:103.16,105.3 1 0
github.com/lao-tseu-is-alive/go-cloud-k8s-common-libs/pkg/goHttpEcho/factory.go:106.2,112.8 1 0
github.com/lao-tseu-is-alive/go-cloud-k8s-common-libs/pkg/goHttpEcho/factory.go:117.115,119.16 2 0
github.com/lao-tseu-is-alive/go-cloud-k8s-common-libs/pkg/goHttpEcho/factory.go:119.16,121.3 1 0
github.com/lao-tseu-is-alive/go-cloud-k8s-common-libs/pkg/goHttpEcho/factory.go:122.2,134.8 1 0
github.com/lao-tseu-is-alive/go-cloud-k8s-common-libs/pkg/goHttpEcho/handlers.go:29.114,37.2 1 0
github.com/lao-tseu-is-alive/go-cloud-k8s-common-libs/pkg/goHttpEcho/handlers.go:39.142,41.23 2 0
github.com/lao-tseu-is-alive/go-cloud-k8s-common-libs/pkg/goHttpEcho/handlers.go:41.23,43.3 1 0
github.com/lao-tseu-is-alive/go-cloud-k8s-common-libs/pkg/goHttpEcho/handlers.go:44.2,44.39 1 0
github.com/lao-tseu-is-alive/go-cloud-k8s-common-libs/pkg/goHttpEcho/handlers.go:47.93,50.38 3 0
github.com/lao-tseu-is-alive/go-cloud-k8s-common-libs/pkg/goHttpEcho/handlers.go:50.38,52.12 2 0
github.com/lao-tseu-is-alive/go-cloud-k8s-common-libs/pkg/goHttpEcho/handlers.go:52.12,55.4 2 0
github.com/lao-tseu-is-alive/go-cloud-k8s-common-libs/pkg/goHttpEcho/handlers.go:55.9,58.4 2 0
github.com/lao-tseu-is-alive/go-cloud-k8s-common-libs/pkg/goHttpEcho/handlers.go:61.94,64.38 3 0
github.com/lao-tseu-is-alive/go-cloud-k8s-common-libs/pkg/goHttpEcho/handlers.go:64.38,66.14 2 0
github.com/lao-tseu-is-alive/go-cloud-k8s-common-libs/pkg/goHttpEcho/handlers.go:66.14,69.4 2 0
github.com/lao-tseu-is-alive/go-cloud-k8s-common-libs/pkg/goHttpEcho/handlers.go:69.9,72.4 2 0
github.com/lao-tseu-is-alive/go-cloud-k8s-common-libs/pkg/goHttpEcho/handlers.go:76.55,79.38 3 0
github.com/lao-tseu-is-alive/go-cloud-k8s-common-libs/pkg/goHttpEcho/handlers.go:79.38,82.3 2 0
github.com/lao-tseu-is-alive/go-cloud-k8s-common-libs/pkg/goHttpEcho/html.go:49.49,51.16 2 0
github.com/lao-tseu-is-alive/go-cloud-k8s-common-libs/pkg/goHttpEcho/html.go:51.16,53.3 1 0
github.com/lao-tseu-is-alive/go-cloud-k8s-common-libs/pkg/goHttpEcho/html.go:54.2,55.46 2 0
github.com/lao-tseu-is-alive/go-cloud-k8s-common-libs/pkg/goHttpEcho/html.go:55.46,57.3 1 0
github.com/lao-tseu-is-alive/go-cloud-k8s-common-libs/pkg/goHttpEcho/html.go:58.2,58.26 1 0
github.com/lao-tseu-is-alive/go-cloud-k8s-common-libs/pkg/goHttpEcho/html.go:61.38,65.2 2 0
github.com/lao-tseu-is-alive/go-cloud-k8s-common-libs/pkg/goHttpEcho/jwt.go:53.74,57.16 3 9
github.com/lao-tseu-is-alive/go-cloud-k8s-common-libs/pkg/goHttpEcho/jwt.go:57.16,59.3 1 0
github.com/lao-tseu-is-alive/go-cloud-k8s-common-libs/pkg/goHttpEcho/jwt.go:61.2,62.16 2 9
github.com/lao-tseu-is-alive/go-cloud-k8s-common-libs/pkg/goHttpEcho/jwt.go:62.16,64.3 1 5
github.com/lao-tseu-is-alive/go-cloud-k8s-common-libs/pkg/goHttpEcho/jwt.go:66.2,68.16 3 4
github.com/lao-tseu-is-alive/go-cloud-k8s-common-libs/pkg/goHttpEcho/jwt.go:68.16,70.3 1 0
github.com/lao-tseu-is-alive/go-cloud-k8s-common-libs/pkg/goHttpEcho/jwt.go:72.2,74.37 3 4
github.com/lao-tseu-is-alive/go-cloud-k8s-common-libs/pkg/goHttpEcho/jwt.go:74.37,77.17 3 4
github.com/lao-tseu-is-alive/go-cloud-k8s-common-libs/pkg/goHttpEcho/jwt.go:77.17,79.4 1 0
github.com/lao-tseu-is-alive/go-cloud-k8s-common-libs/pkg/goHttpEcho/jwt.go:80.3,89.22 2 4
github.com/lao-tseu-is-alive/go-cloud-k8s-common-libs/pkg/goHttpEcho/jwt.go:90.8,93.3 2 0
github.com/lao-tseu-is-alive/go-cloud-k8s-common-libs/pkg/goHttpEcho/jwt.go:97.74,98.36 1 0
github.com/lao-tseu-is-alive/go-cloud-k8s-common-libs/pkg/goHttpEcho/jwt.go:98.36,101.23 3 0
github.com/lao-tseu-is-alive/go-cloud-k8s-common-libs/pkg/goHttpEcho/jwt.go:101.23,104.24 2 0
github.com/lao-tseu-is-alive/go-cloud-k8s-common-libs/pkg/goHttpEcho/jwt.go:104.24,109.5 4 0
github.com/lao-tseu-is-alive/go-cloud-k8s-common-libs/pkg/goHttpEcho/jwt.go:112.3,118.17 6 0
github.com/lao-tseu-is-alive/go-cloud-k8s-common-libs/pkg/goHttpEcho/jwt.go:118.17,123.4 4 0
github.com/lao-tseu-is-alive/go-cloud-k8s-common-libs/pkg/goHttpEcho/jwt.go:126.3,129.17 3 0
github.com/lao-tseu-is-alive/go-cloud-k8s-common-libs/pkg/goHttpEcho/jwt.go:134.45,136.2 1 12
github.com/lao-tseu-is-alive/go-cloud-k8s-common-libs/pkg/goHttpEcho/jwt.go:138.41,140.2 1 7
github.com/lao-tseu-is-alive/go-cloud-k8s-common-libs/pkg/goHttpEcho/jwt.go:142.41,144.2 1 7
github.com/lao-tseu-is-alive/go-cloud-k8s-common-libs/pkg/goHttpEcho/jwt.go:146.81,164.16 6 6
github.com/lao-tseu-is-alive/go-cloud-k8s-common-libs/pkg/goHttpEcho/jwt.go:164.16,166.3 1 0
github.com/lao-tseu-is-alive/go-cloud-k8s-common-libs/pkg/goHttpEcho/jwt.go:167.2,167.19 1 6
github.com/lao-tseu-is-alive/go-cloud-k8s-common-libs/pkg/goHttpEcho/jwt.go:171.83,177.2 2 0
github.com/lao-tseu-is-alive/go-cloud-k8s-common-libs/pkg/goHttpEcho/jwt.go:180.105,189.2 1 10
github.com/lao-tseu-is-alive/go-cloud-k8s-common-libs/pkg/goHttpEcho/middleware.go:9.86,10.54 1 0
github.com/lao-tseu-is-alive/go-cloud-k8s-common-libs/pkg/goHttpEcho/middleware.go:10.54,11.37 1 0
github.com/lao-tseu-is-alive/go-cloud-k8s-common-libs/pkg/goHttpEcho/middleware.go:11.37,13.24 2 0
github.com/lao-tseu-is-alive/go-cloud-k8s-common-libs/pkg/goHttpEcho/middleware.go:13.24,14.73 1 0
github.com/lao-tseu-is-alive/go-cloud-k8s-common-libs/pkg/goHttpEcho/middleware.go:14.73,17.6 1 0
github.com/lao-tseu-is-alive/go-cloud-k8s-common-libs/pkg/goHttpEcho/middleware.go:17.11,19.6 1 0
github.com/lao-tseu-is-alive/go-cloud-k8s-common-libs/pkg/goHttpEcho/middleware.go:22.4,22.18 1 0
github.com/lao-tseu-is-alive/go-cloud-k8s-common-libs/pkg/goHttpEcho/server.go:46.52,58.55 12 0
github.com/lao-tseu-is-alive/go-cloud-k8s-common-libs/pkg/goHttpEcho/server.go:58.55,62.26 4 0
github.com/lao-tseu-is-alive/go-cloud-k8s-common-libs/pkg/goHttpEcho/server.go:62.26,64.4 1 0
github.com/lao-tseu-is-alive/go-cloud-k8s-common-libs/pkg/goHttpEcho/server.go:65.3,67.25 3 0
github.com/lao-tseu-is-alive/go-cloud-k8s-common-libs/pkg/goHttpEcho/server.go:69.2,73.91 3 0
github.com/lao-tseu-is-alive/go-cloud-k8s-common-libs/pkg/goHttpEcho/server.go:73.91,74.37 1 0
github.com/lao-tseu-is-alive/go-cloud-k8s-common-libs/pkg/goHttpEcho/server.go:74.37,76.52 2 0
github.com/lao-tseu-is-alive/go-cloud-k8s-common-libs/pkg/goHttpEcho/server.go:76.52,79.5 2 0
github.com/lao-tseu-is-alive/go-cloud-k8s-common-libs/pkg/goHttpEcho/server.go:80.4,80.14 1 0
github.com/lao-tseu-is-alive/go-cloud-k8s-common-libs/pkg/goHttpEcho/server.go:85.2,110.18 5 0
github.com/lao-tseu-is-alive/go-cloud-k8s-common-libs/pkg/goHttpEcho/server.go:115.106,117.16 2 0
github.com/lao-tseu-is-alive/go-cloud-k8s-common-libs/pkg/goHttpEcho/server.go:117.16,119.3 1 0
github.com/lao-tseu-is-alive/go-cloud-k8s-common-libs/pkg/goHttpEcho/server.go:120.2,121.16 2 0
github.com/lao-tseu-is-alive/go-cloud-k8s-common-libs/pkg/goHttpEcho/server.go:121.16,123.3 1 0
github.com/lao-tseu-is-alive/go-cloud-k8s-common-libs/pkg/goHttpEcho/server.go:124.2,136.20 3 0
github.com/lao-tseu-is-alive/go-cloud-k8s-common-libs/pkg/goHttpEcho/server.go:140.39,142.2 1 0
github.com/lao-tseu-is-alive/go-cloud-k8s-common-libs/pkg/goHttpEcho/server.go:145.51,147.2 1 0
github.com/lao-tseu-is-alive/go-cloud-k8s-common-libs/pkg/goHttpEcho/server.go:150.88,153.2 1 0
github.com/lao-tseu-is-alive/go-cloud-k8s-common-libs/pkg/goHttpEcho/server.go:156.45,158.2 1 0
github.com/lao-tseu-is-alive/go-cloud-k8s-common-libs/pkg/goHttpEcho/server.go:161.44,163.2 1 0
github.com/lao-tseu-is-alive/go-cloud-k8s-common-libs/pkg/goHttpEcho/server.go:166.40,168.2 1 0
github.com/lao-tseu-is-alive/go-cloud-k8s-common-libs/pkg/goHttpEcho/server.go:171.43,173.2 1 0
github.com/lao-tseu-is-alive/go-cloud-k8s-common-libs/pkg/goHttpEcho/server.go:176.45,178.2 1 0
github.com/lao-tseu-is-alive/go-cloud-k8s-common-libs/pkg/goHttpEcho/server.go:181.38,183.12 1 0
github.com/lao-tseu-is-alive/go-cloud-k8s-common-libs/pkg/goHttpEcho/server.go:183.12,186.58 3 0
github.com/lao-tseu-is-alive/go-cloud-k8s-common-libs/pkg/goHttpEcho/server.go:186.58,189.4 2 0
github.com/lao-tseu-is-alive/go-cloud-k8s-common-libs/pkg/goHttpEcho/server.go:191.2,195.12 3 0
github.com/lao-tseu-is-alive/go-cloud-k8s-common-libs/pkg/goHttpEcho/server.go:199.75,214.42 7 0
github.com/lao-tseu-is-alive/go-cloud-k8s-common-libs/pkg/goHttpEcho/server.go:214.42,216.3 1 0
github.com/lao-tseu-is-alive/go-cloud-k8s-common-libs/pkg/goHttpEcho/server.go:217.2,219.12 3 0
github.com/lao-tseu-is-alive/go-cloud-k8s-common-libs/pkg/goHttpEcho/server.go:222.76,226.2 3 0
github.com/lao-tseu-is-alive/go-cloud-k8s-common-libs/pkg/goHttpEcho/simpleAuthenticator.go:26.112,30.84 3 4
github.com/lao-tseu-is-alive/go-cloud-k8s-common-libs/pkg/goHttpEcho/simpleAuthenticator.go:30.84,32.3 1 0
github.com/lao-tseu-is-alive/go-cloud-k8s-common-libs/pkg/goHttpEcho/simpleAuthenticator.go:33.2,34.14 2 4
github.com/lao-tseu-is-alive/go-cloud-k8s-common-libs/pkg/goHttpEcho/simpleAuthenticator.go:38.112,49.2 2 2
github.com/lao-tseu-is-alive/go-cloud-k8s-common-libs/pkg/goHttpEcho/simpleAuthenticator.go:52.109,68.2 6 3
github.com/lao-tseu-is-alive/go-cloud-k8s-common-libs/pkg/goHttpEcho/simpleVersionReader.go:23.51,25.2 1 0
github.com/lao-tseu-is-alive/go-cloud-k8s-common-libs/pkg/goHttpEcho/simpleVersionReader.go:28.110,41.2 1 0
github.com/lao-tseu-is-alive/go-cloud-k8s-common-libs/cmd/goCloudK8sExampleServer/goCloudK8sExampleServer.go:70.48,76.39 5 1
github.com/lao-tseu-is-alive/go-cloud-k8s-common-libs/cmd/goCloudK8sExampleServer/goCloudK8sExampleServer.go:76.39,78.3 1 0
github.com/lao-tseu-is-alive/go-cloud-k8s-common-libs/cmd/goCloudK8sExampleServer/goCloudK8sExampleServer.go:80.2,81.78 2 1
github.com/lao-tseu-is-alive/go-cloud-k8s-common-libs/cmd/goCloudK8sExampleServer/goCloudK8sExampleServer.go:81.78,83.17 2 1
github.com/lao-tseu-is-alive/go-cloud-k8s-common-libs/cmd/goCloudK8sExampleServer/goCloudK8sExampleServer.go:83.17,87.4 3 0
github.com/lao-tseu-is-alive/go-cloud-k8s-common-libs/cmd/goCloudK8sExampleServer/goCloudK8sExampleServer.go:88.3,89.17 2 1
github.com/lao-tseu-is-alive/go-cloud-k8s-common-libs/cmd/goCloudK8sExampleServer/goCloudK8sExampleServer.go:89.17,93.4 3 0
github.com/lao-tseu-is-alive/go-cloud-k8s-common-libs/cmd/goCloudK8sExampleServer/goCloudK8sExampleServer.go:95.3,100.43 3 1
github.com/lao-tseu-is-alive/go-cloud-k8s-common-libs/cmd/goCloudK8sExampleServer/goCloudK8sExampleServer.go:101.8,106.3 3 0
github.com/lao-tseu-is-alive/go-cloud-k8s-common-libs/cmd/goCloudK8sExampleServer/goCloudK8sExampleServer.go:109.53,120.2 5 0
github.com/lao-tseu-is-alive/go-cloud-k8s-common-libs/cmd/goCloudK8sExampleServer/goCloudK8sExampleServer.go:122.37,128.2 1 0
github.com/lao-tseu-is-alive/go-cloud-k8s-common-libs/cmd/goCloudK8sExampleServer/goCloudK8sExampleServer.go:130.53,150.16 7 0
github.com/lao-tseu-is-alive/go-cloud-k8s-common-libs/cmd/goCloudK8sExampleServer/goCloudK8sExampleServer.go:150.16,152.3 1 0
github.com/lao-tseu-is-alive/go-cloud-k8s-common-libs/cmd/goCloudK8sExampleServer/goCloudK8sExampleServer.go:153.2,153.36 1 0
github.com/lao-tseu-is-alive/go-cloud-k8s-common-libs/cmd/goCloudK8sExampleServer/goCloudK8sExampleServer.go:157.13,159.16 2 1
github.com/lao-tseu-is-alive/go-cloud-k8s-common-libs/cmd/goCloudK8sExampleServer/goCloudK8sExampleServer.go:159.16,161.3 1 0
github.com/lao-tseu-is-alive/go-cloud-k8s-common-libs/cmd/goCloudK8sExampleServer/goCloudK8sExampleServer.go:162.2,163.16 2 1
github.com/lao-tseu-is-alive/go-cloud-k8s-common-libs/cmd/goCloudK8sExampleServer/goCloudK8sExampleServer.go:163.16,165.3 1 0
github.com/lao-tseu-is-alive/go-cloud-k8s-common-libs/cmd/goCloudK8sExampleServer/goCloudK8sExampleServer.go:166.2,170.16 4 1
github.com/lao-tseu-is-alive/go-cloud-k8s-common-libs/cmd/goCloudK8sExampleServer/goCloudK8sExampleServer.go:170.16,173.3 2 0
github.com/lao-tseu-is-alive/go-cloud-k8s-common-libs/cmd/goCloudK8sExampleServer/goCloudK8sExampleServer.go:174.2,177.16 4 1
github.com/lao-tseu-is-alive/go-cloud-k8s-common-libs/cmd/goCloudK8sExampleServer/goCloudK8sExampleServer.go:177.16,180.3 2 0
github.com/lao-tseu-is-alive/go-cloud-k8s-common-libs/cmd/goCloudK8sExampleServer/goCloudK8sExampleServer.go:181.2,184.16 3 1
github.com/lao-tseu-is-alive/go-cloud-k8s-common-libs/cmd/goCloudK8sExampleServer/goCloudK8sExampleServer.go:184.16,187.3 2 0
github.com/lao-tseu-is-alive/go-cloud-k8s-common-libs/cmd/goCloudK8sExampleServer/goCloudK8sExampleServer.go:188.2,194.11 5 1
github.com/lao-tseu-is-alive/go-cloud-k8s-common-libs/cmd/goCloudK8sExampleServer/goCloudK8sExampleServer.go:194.11,196.3 1 1
github.com/lao-tseu-is-alive/go-cloud-k8s-common-libs/cmd/goCloudK8sExampleServer/goCloudK8sExampleServer.go:196.8,198.3 1 0
github.com/lao-tseu-is-alive/go-cloud-k8s-common-libs/cmd/goCloudK8sExampleServer/goCloudK8sExampleServer.go:199.2,203.16 3 1
github.com/lao-tseu-is-alive/go-cloud-k8s-common-libs/cmd/goCloudK8sExampleServer/goCloudK8sExampleServer.go:203.16,206.3 2 0
github.com/lao-tseu-is-alive/go-cloud-k8s-common-libs/cmd/goCloudK8sExampleServer/goCloudK8sExampleServer.go:207.2,208.16 2 1
github.com/lao-tseu-is-alive/go-cloud-k8s-common-libs/cmd/goCloudK8sExampleServer/goCloudK8sExampleServer.go:208.16,211.3 2 0
github.com/lao-tseu-is-alive/go-cloud-k8s-common-libs/cmd/goCloudK8sExampleServer/goCloudK8sExampleServer.go:213.2,214.16 2 1
github.com/lao-tseu-is-alive/go-cloud-k8s-common-libs/cmd/goCloudK8sExampleServer/goCloudK8sExampleServer.go:214.16,215.43 1 1
github.com/lao-tseu-is-alive/go-cloud-k8s-common-libs/cmd/goCloudK8sExampleServer/goCloudK8sExampleServer.go:215.43,218.4 2 0
github.com/lao-tseu-is-alive/go-cloud-k8s-common-libs/cmd/goCloudK8sExampleServer/goCloudK8sExampleServer.go:222.2,223.16 2 1
github.com/lao-tseu-is-alive/go-cloud-k8s-common-libs/cmd/goCloudK8sExampleServer/goCloudK8sExampleServer.go:223.16,226.3 2 0
github.com/lao-tseu-is-alive/go-cloud-k8s-common-libs/cmd/goCloudK8sExampleServer/goCloudK8sExampleServer.go:227.2,241.16 4 1
github.com/lao-tseu-is-alive/go-cloud-k8s-common-libs/cmd/goCloudK8sExampleServer/goCloudK8sExampleServer.go:241.16,244.3 2 0
github.com/lao-tseu-is-alive/go-cloud-k8s-common-libs/cmd/goCloudK8sExampleServer/goCloudK8sExampleServer.go:247.2,256.16 2 1
github.com/lao-tseu-is-alive/go-cloud-k8s-common-libs/cmd/goCloudK8sExampleServer/goCloudK8sExampleServer.go:256.16,259.3 2 0
github.com/lao-tseu-is-alive/go-cloud-k8s-common-libs/cmd/goCloudK8sExampleServer/goCloudK8sExampleServer.go:261.2,275.16 2 1
github.com/lao-tseu-is-alive/go-cloud-k8s-common-libs/cmd/goCloudK8sExampleServer/goCloudK8sExampleServer.go:275.16,278.3 2 0
github.com/lao-tseu-is-alive/go-cloud-k8s-common-libs/cmd/goCloudK8sExampleServer/goCloudK8sExampleServer.go:280.2,282.72 3 1
github.com/lao-tseu-is-alive/go-cloud-k8s-common-libs/cmd/goCloudK8sExampleServer/goCloudK8sExampleServer.go:282.72,284.17 2 0
github.com/lao-tseu-is-alive/go-cloud-k8s-common-libs/cmd/goCloudK8sExampleServer/goCloudK8sExampleServer.go:284.17,287.4 2 0
github.com/lao-tseu-is-alive/go-cloud-k8s-common-libs/cmd/goCloudK8sExampleServer/goCloudK8sExampleServer.go:288.3,289.14 2 0
github.com/lao-tseu-is-alive/go-cloud-k8s-common-libs/cmd/goCloudK8sExampleServer/goCloudK8sExampleServer.go:291.2,305.16 9 1
github.com/lao-tseu-is-alive/go-cloud-k8s-common-libs/cmd/goCloudK8sExampleServer/goCloudK8sExampleServer.go:305.16,307.3 1 0
github.com/lao-tseu-is-alive/go-cloud-k8s-common-libs/pkg/f5/authenticatorF5.go:30.101,34.16 4 0
github.com/lao-tseu-is-alive/go-cloud-k8s-common-libs/pkg/f5/authenticatorF5.go:34.16,37.3 2 0
github.com/lao-tseu-is-alive/go-cloud-k8s-common-libs/pkg/f5/authenticatorF5.go:38.2,39.16 2 0
github.com/lao-tseu-is-alive/go-cloud-k8s-common-libs/pkg/f5/authenticatorF5.go:39.16,42.3 2 0
github.com/lao-tseu-is-alive/go-cloud-k8s-common-libs/pkg/f5/authenticatorF5.go:44.2,44.84 1 0
github.com/lao-tseu-is-alive/go-cloud-k8s-common-libs/pkg/f5/authenticatorF5.go:44.84,46.3 1 0
github.com/lao-tseu-is-alive/go-cloud-k8s-common-libs/pkg/f5/authenticatorF5.go:48.2,48.36 1 0
github.com/lao-tseu-is-alive/go-cloud-k8s-common-libs/pkg/f5/authenticatorF5.go:48.36,50.3 1 0
github.com/lao-tseu-is-alive/go-cloud-k8s-common-libs/pkg/f5/authenticatorF5.go:52.2,53.14 2 0
github.com/lao-tseu-is-alive/go-cloud-k8s-common-libs/pkg/f5/authenticatorF5.go:57.112,60.32 3 0
github.com/lao-tseu-is-alive/go-cloud-k8s-common-libs/pkg/f5/authenticatorF5.go:60.32,62.17 2 0
github.com/lao-tseu-is-alive/go-cloud-k8s-common-libs/pkg/f5/authenticatorF5.go:62.17,66.4 3 0
github.com/lao-tseu-is-alive/go-cloud-k8s-common-libs/pkg/f5/authenticatorF5.go:66.9,71.17 5 0
github.com/lao-tseu-is-alive/go-cloud-k8s-common-libs/pkg/f5/authenticatorF5.go:71.17,74.5 2 0
github.com/lao-tseu-is-alive/go-cloud-k8s-common-libs/pkg/f5/authenticatorF5.go:75.4,84.20 2 0
github.com/lao-tseu-is-alive/go-cloud-k8s-common-libs/pkg/f5/authenticatorF5.go:86.8,90.3 3 0
github.com/lao-tseu-is-alive/go-cloud-k8s-common-libs/pkg/f5/authenticatorF5.go:94.137,109.2 6 0
github.com/lao-tseu-is-alive/go-cloud-k8s-common-libs/pkg/f5/storage.go:18.89,21.18 3 0
github.com/lao-tseu-is-alive/go-cloud-k8s-common-libs/pkg/f5/storage.go:22.13,24.17 2 0
github.com/lao-tseu-is-alive/go-cloud-k8s-common-libs/pkg/f5/storage.go:24.17,25.63 1 0
github.com/lao-tseu-is-alive/go-cloud-k8s-common-libs/pkg/f5/storage.go:28.10,29.38 1 0
github.com/lao-tseu-is-alive/go-cloud-k8s-common-libs/pkg/f5/storage.go:31.2,31.14 1 0
github.com/lao-tseu-is-alive/go-cloud-k8s-common-libs/pkg/f5/storePostgres.go:21.70,23.27 2 0
github.com/lao-tseu-is-alive/go-cloud-k8s-common-libs/pkg/f5/storePostgres.go:23.27,27.3 3 0
github.com/lao-tseu-is-alive/go-cloud-k8s-common-libs/pkg/f5/storePostgres.go:28.2,30.16 3 0
github.com/lao-tseu-is-alive/go-cloud-k8s-common-libs/pkg/f5/storePostgres.go:30.16,33.3 2 0
github.com/lao-tseu-is-alive/go-cloud-k8s-common-libs/pkg/f5/storePostgres.go:34.2,34.16 1 0
github.com/lao-tseu-is-alive/go-cloud-k8s-common-libs/pkg/f5/storePostgres.go:34.16,37.3 2 0
github.com/lao-tseu-is-alive/go-cloud-k8s-common-libs/pkg/f5/storePostgres.go:38.2,38.17 1 0
github.com/lao-tseu-is-alive/go-cloud-k8s-common-libs/pkg/f5/storePostgres.go:41.62,44.16 3 0
github.com/lao-tseu-is-alive/go-cloud-k8s-common-libs/pkg/f5/storePostgres.go:44.16,47.3 2 0
github.com/lao-tseu-is-alive/go-cloud-k8s-common-libs/pkg/f5/storePostgres.go:48.2,48.15 1 0
github.com/lao-tseu-is-alive/go-cloud-k8s-common-libs/pkg/f5/storePostgres.go:48.15,51.3 2 0
github.com/lao-tseu-is-alive/go-cloud-k8s-common-libs/pkg/f5/storePostgres.go:51.8,54.3 2 0
github.com/lao-tseu-is-alive/go-cloud-k8s-common-libs/pkg/f5/storePostgres.go:58.66,61.16 3 0
github.com/lao-tseu-is-alive/go-cloud-k8s-common-libs/pkg/f5/storePostgres.go:61.16,63.3 1 0
github.com/lao-tseu-is-alive/go-cloud-k8s-common-libs/pkg/f5/storePostgres.go:64.2,69.31 6 0
github.com/lao-tseu-is-alive/go-cloud-k8s-common-libs/pkg/f5/storePostgres.go:69.31,72.3 2 0
github.com/lao-tseu-is-alive/go-cloud-k8s-common-libs/pkg/f5/storePostgres.go:73.2,77.26 4 0
github.com/lao-tseu-is-alive/go-cloud-k8s-common-libs/pkg/f5/storePostgres.go:77.26,80.3 2 0
github.com/lao-tseu-is-alive/go-cloud-k8s-common-libs/pkg/f5/storePostgres.go:81.2,85.16 4 0
github.com/lao-tseu-is-alive/go-cloud-k8s-common-libs/pkg/f5/storePostgres.go:85.16,88.3 2 0
github.com/lao-tseu-is-alive/go-cloud-k8s-common-libs/pkg/f5/storePostgres.go:89.2,90.19 2 0
github.com/lao-tseu-is-alive/go-cloud-k8s-common-libs/pkg/f5/validation.go:8.40,9.39 1 12
github.com/lao-tseu-is-alive/go-cloud-k8s-common-libs/pkg/f5/validation.go:9.39,11.3 1 3
github.com/lao-tseu-is-alive/go-cloud-k8s-common-libs/pkg/f5/validation.go:12.2,12.65 1 9
github.com/lao-tseu-is-alive/go-cloud-k8s-common-libs/pkg/f5/validation.go:12.65,14.3 1 3
github.com/lao-tseu-is-alive/go-cloud-k8s-common-libs/pkg/f5/validation.go:15.2,15.12 1 6
github.com/lao-tseu-is-alive/go-cloud-k8s-common-libs/pkg/f5/validation.go:18.46,19.80 1 8
github.com/lao-tseu-is-alive/go-cloud-k8s-common-libs/pkg/f5/validation.go:19.80,21.3 1 5
github.com/lao-tseu-is-alive/go-cloud-k8s-common-libs/pkg/f5/validation.go:22.2,22.12 1 3
